############################################################ 1 & 2 ########################################################

1. Развернуть инструмент для переливки данных

docker ps
CONTAINER ID   IMAGE                             COMMAND                  CREATED        STATUS                        PORTS                                                          NAMES
10a80523ddab   apache/airflow-dwh-build_2.10.0   "/usr/bin/dumb-init …"   13 days ago    Up About a minute (healthy)   0.0.0.0:8080->8080/tcp                                         airflow_2100-airflow-webserver-1
da3d98aa5164   apache/airflow-dwh-build_2.10.0   "/usr/bin/dumb-init …"   13 days ago    Up About a minute (healthy)   8080/tcp                                                       airflow_2100-airflow-worker-1
da6af4bbe2e0   apache/airflow-dwh-build_2.10.0   "/usr/bin/dumb-init …"   13 days ago    Up About a minute (healthy)   8080/tcp                                                       airflow_2100-airflow-scheduler-1
df625e28973d   redis:7.2-bookworm                "docker-entrypoint.s…"   13 days ago    Up About a minute (healthy)   6379/tcp                                                       airflow_2100-redis-1
ca6c62b4daba   postgres:13                       "docker-entrypoint.s…"   13 days ago    Up About a minute (healthy)   0.0.0.0:5432->5432/tcp                                         airflow_2100-postgres-1
d979b380b3e7   clickhouse/clickhouse-server      "/entrypoint.sh"         2 months ago   Up 26 minutes                 127.0.0.1:8123->8123/tcp, 127.0.0.1:9000->9000/tcp, 9009/tcp   clickhouse-clickhouse-1


############################################################ end 1 & 2 ########################################################
############################################################ 3 ########################################################

3. Выбрать любой источник (API, сервис, БД и пр.)

https://datasets-documentation.s3.eu-west-3.amazonaws.com/nyc-taxi/trips_{0..2}.gz

############################################################ end 3 ########################################################
############################################################ 4 ########################################################

4. Настроить подключение инструмента к ClickHouse

скрин connection.png

############################################################ end 4 ########################################################
############################################################ 5 ########################################################

5. Построить пайплайн для регулярной/разовой переливки данных в ClickHouse

скрин pipeline.png

############################################################ end 5 ########################################################
############################################################ 6 ########################################################

6. Отобразить успешный запуск пайплайна/дага и наличие информации в БД-приемнике

скрин log_1.png, log_2.png

############################################################ end 6 ########################################################
